*** Starting uWSGI 2.0.19.1 (64bit) on [Wed Mar 24 17:42:56 2021] ***
compiled with version: 6.3.0 20170516 on 24 March 2021 17:38:51
os: Linux-5.4.0-1018-aws #18-Ubuntu SMP Wed Jun 24 01:15:00 UTC 2020
nodename: afeb731c261b
machine: x86_64
clock source: unix
pcre jit disabled
detected number of CPU cores: 4
current working directory: /srv/docker-django
detected binary path: /usr/local/bin/uwsgi
uWSGI running as root, you can use --uid/--gid/--chroot options
*** WARNING: you are running uWSGI as root !!! (use the --uid flag) *** 
chdir() to /srv/backends
chdir(): No such file or directory [core/uwsgi.c line 2625]
chdir(): No such file or directory [core/uwsgi.c line 1649]
*** Starting uWSGI 2.0.19.1 (64bit) on [Wed Mar 24 17:43:33 2021] ***
compiled with version: 6.3.0 20170516 on 24 March 2021 17:43:16
os: Linux-5.4.0-1018-aws #18-Ubuntu SMP Wed Jun 24 01:15:00 UTC 2020
nodename: 56eee3d0efd3
machine: x86_64
clock source: unix
pcre jit disabled
detected number of CPU cores: 4
current working directory: /srv/docker-django
detected binary path: /usr/local/bin/uwsgi
uWSGI running as root, you can use --uid/--gid/--chroot options
*** WARNING: you are running uWSGI as root !!! (use the --uid flag) *** 
chdir() to /srv/backends
chdir(): No such file or directory [core/uwsgi.c line 2625]
chdir(): No such file or directory [core/uwsgi.c line 1649]
*** Starting uWSGI 2.0.19.1 (64bit) on [Wed Mar 24 17:43:34 2021] ***
compiled with version: 6.3.0 20170516 on 24 March 2021 17:43:16
os: Linux-5.4.0-1018-aws #18-Ubuntu SMP Wed Jun 24 01:15:00 UTC 2020
nodename: 56eee3d0efd3
machine: x86_64
clock source: unix
pcre jit disabled
detected number of CPU cores: 4
current working directory: /srv/docker-django
detected binary path: /usr/local/bin/uwsgi
uWSGI running as root, you can use --uid/--gid/--chroot options
*** WARNING: you are running uWSGI as root !!! (use the --uid flag) *** 
chdir() to /srv/backends
chdir(): No such file or directory [core/uwsgi.c line 2625]
chdir(): No such file or directory [core/uwsgi.c line 1649]
*** Starting uWSGI 2.0.19.1 (64bit) on [Wed Mar 24 17:43:34 2021] ***
compiled with version: 6.3.0 20170516 on 24 March 2021 17:43:16
os: Linux-5.4.0-1018-aws #18-Ubuntu SMP Wed Jun 24 01:15:00 UTC 2020
nodename: 56eee3d0efd3
machine: x86_64
clock source: unix
pcre jit disabled
detected number of CPU cores: 4
current working directory: /srv/docker-django
detected binary path: /usr/local/bin/uwsgi
uWSGI running as root, you can use --uid/--gid/--chroot options
*** WARNING: you are running uWSGI as root !!! (use the --uid flag) *** 
chdir() to /srv/backends
chdir(): No such file or directory [core/uwsgi.c line 2625]
chdir(): No such file or directory [core/uwsgi.c line 1649]
*** Starting uWSGI 2.0.19.1 (64bit) on [Wed Mar 24 17:43:35 2021] ***
compiled with version: 6.3.0 20170516 on 24 March 2021 17:43:16
os: Linux-5.4.0-1018-aws #18-Ubuntu SMP Wed Jun 24 01:15:00 UTC 2020
nodename: 56eee3d0efd3
machine: x86_64
clock source: unix
pcre jit disabled
detected number of CPU cores: 4
current working directory: /srv/docker-django
detected binary path: /usr/local/bin/uwsgi
uWSGI running as root, you can use --uid/--gid/--chroot options
*** WARNING: you are running uWSGI as root !!! (use the --uid flag) *** 
chdir() to /srv/backends
chdir(): No such file or directory [core/uwsgi.c line 2625]
chdir(): No such file or directory [core/uwsgi.c line 1649]
*** Starting uWSGI 2.0.19.1 (64bit) on [Wed Mar 24 17:43:36 2021] ***
compiled with version: 6.3.0 20170516 on 24 March 2021 17:43:16
os: Linux-5.4.0-1018-aws #18-Ubuntu SMP Wed Jun 24 01:15:00 UTC 2020
nodename: 56eee3d0efd3
machine: x86_64
clock source: unix
pcre jit disabled
detected number of CPU cores: 4
current working directory: /srv/docker-django
detected binary path: /usr/local/bin/uwsgi
uWSGI running as root, you can use --uid/--gid/--chroot options
*** WARNING: you are running uWSGI as root !!! (use the --uid flag) *** 
chdir() to /srv/backends
chdir(): No such file or directory [core/uwsgi.c line 2625]
chdir(): No such file or directory [core/uwsgi.c line 1649]
*** Starting uWSGI 2.0.19.1 (64bit) on [Wed Mar 24 17:43:38 2021] ***
compiled with version: 6.3.0 20170516 on 24 March 2021 17:43:16
os: Linux-5.4.0-1018-aws #18-Ubuntu SMP Wed Jun 24 01:15:00 UTC 2020
nodename: 56eee3d0efd3
machine: x86_64
clock source: unix
pcre jit disabled
detected number of CPU cores: 4
current working directory: /srv/docker-django
detected binary path: /usr/local/bin/uwsgi
uWSGI running as root, you can use --uid/--gid/--chroot options
*** WARNING: you are running uWSGI as root !!! (use the --uid flag) *** 
chdir() to /srv/backends
chdir(): No such file or directory [core/uwsgi.c line 2625]
chdir(): No such file or directory [core/uwsgi.c line 1649]
*** Starting uWSGI 2.0.19.1 (64bit) on [Wed Mar 24 17:43:42 2021] ***
compiled with version: 6.3.0 20170516 on 24 March 2021 17:43:16
os: Linux-5.4.0-1018-aws #18-Ubuntu SMP Wed Jun 24 01:15:00 UTC 2020
nodename: 56eee3d0efd3
machine: x86_64
clock source: unix
pcre jit disabled
detected number of CPU cores: 4
current working directory: /srv/docker-django
detected binary path: /usr/local/bin/uwsgi
uWSGI running as root, you can use --uid/--gid/--chroot options
*** WARNING: you are running uWSGI as root !!! (use the --uid flag) *** 
chdir() to /srv/backends
chdir(): No such file or directory [core/uwsgi.c line 2625]
chdir(): No such file or directory [core/uwsgi.c line 1649]
*** Starting uWSGI 2.0.19.1 (64bit) on [Wed Mar 24 17:43:49 2021] ***
compiled with version: 6.3.0 20170516 on 24 March 2021 17:43:16
os: Linux-5.4.0-1018-aws #18-Ubuntu SMP Wed Jun 24 01:15:00 UTC 2020
nodename: 56eee3d0efd3
machine: x86_64
clock source: unix
pcre jit disabled
detected number of CPU cores: 4
current working directory: /srv/docker-django
detected binary path: /usr/local/bin/uwsgi
uWSGI running as root, you can use --uid/--gid/--chroot options
*** WARNING: you are running uWSGI as root !!! (use the --uid flag) *** 
chdir() to /srv/backends
chdir(): No such file or directory [core/uwsgi.c line 2625]
chdir(): No such file or directory [core/uwsgi.c line 1649]
*** Starting uWSGI 2.0.19.1 (64bit) on [Wed Mar 24 17:44:02 2021] ***
compiled with version: 6.3.0 20170516 on 24 March 2021 17:43:16
os: Linux-5.4.0-1018-aws #18-Ubuntu SMP Wed Jun 24 01:15:00 UTC 2020
nodename: 56eee3d0efd3
machine: x86_64
clock source: unix
pcre jit disabled
detected number of CPU cores: 4
current working directory: /srv/docker-django
detected binary path: /usr/local/bin/uwsgi
uWSGI running as root, you can use --uid/--gid/--chroot options
*** WARNING: you are running uWSGI as root !!! (use the --uid flag) *** 
chdir() to /srv/backends
chdir(): No such file or directory [core/uwsgi.c line 2625]
chdir(): No such file or directory [core/uwsgi.c line 1649]
*** Starting uWSGI 2.0.19.1 (64bit) on [Wed Mar 24 17:44:28 2021] ***
compiled with version: 6.3.0 20170516 on 24 March 2021 17:43:16
os: Linux-5.4.0-1018-aws #18-Ubuntu SMP Wed Jun 24 01:15:00 UTC 2020
nodename: 56eee3d0efd3
machine: x86_64
clock source: unix
pcre jit disabled
detected number of CPU cores: 4
current working directory: /srv/docker-django
detected binary path: /usr/local/bin/uwsgi
uWSGI running as root, you can use --uid/--gid/--chroot options
*** WARNING: you are running uWSGI as root !!! (use the --uid flag) *** 
chdir() to /srv/backends
chdir(): No such file or directory [core/uwsgi.c line 2625]
chdir(): No such file or directory [core/uwsgi.c line 1649]
*** Starting uWSGI 2.0.19.1 (64bit) on [Wed Mar 24 17:45:20 2021] ***
compiled with version: 6.3.0 20170516 on 24 March 2021 17:43:16
os: Linux-5.4.0-1018-aws #18-Ubuntu SMP Wed Jun 24 01:15:00 UTC 2020
nodename: 56eee3d0efd3
machine: x86_64
clock source: unix
pcre jit disabled
detected number of CPU cores: 4
current working directory: /srv/docker-django
detected binary path: /usr/local/bin/uwsgi
uWSGI running as root, you can use --uid/--gid/--chroot options
*** WARNING: you are running uWSGI as root !!! (use the --uid flag) *** 
chdir() to /srv/backends
chdir(): No such file or directory [core/uwsgi.c line 2625]
chdir(): No such file or directory [core/uwsgi.c line 1649]
*** Starting uWSGI 2.0.19.1 (64bit) on [Wed Mar 24 17:46:20 2021] ***
compiled with version: 6.3.0 20170516 on 24 March 2021 17:43:16
os: Linux-5.4.0-1018-aws #18-Ubuntu SMP Wed Jun 24 01:15:00 UTC 2020
nodename: 56eee3d0efd3
machine: x86_64
clock source: unix
pcre jit disabled
detected number of CPU cores: 4
current working directory: /srv/docker-django
detected binary path: /usr/local/bin/uwsgi
uWSGI running as root, you can use --uid/--gid/--chroot options
*** WARNING: you are running uWSGI as root !!! (use the --uid flag) *** 
chdir() to /srv/backends
chdir(): No such file or directory [core/uwsgi.c line 2625]
chdir(): No such file or directory [core/uwsgi.c line 1649]
*** Starting uWSGI 2.0.19.1 (64bit) on [Wed Mar 24 17:47:21 2021] ***
compiled with version: 6.3.0 20170516 on 24 March 2021 17:43:16
os: Linux-5.4.0-1018-aws #18-Ubuntu SMP Wed Jun 24 01:15:00 UTC 2020
nodename: 56eee3d0efd3
machine: x86_64
clock source: unix
pcre jit disabled
detected number of CPU cores: 4
current working directory: /srv/docker-django
detected binary path: /usr/local/bin/uwsgi
uWSGI running as root, you can use --uid/--gid/--chroot options
*** WARNING: you are running uWSGI as root !!! (use the --uid flag) *** 
chdir() to /srv/backends
chdir(): No such file or directory [core/uwsgi.c line 2625]
chdir(): No such file or directory [core/uwsgi.c line 1649]
*** Starting uWSGI 2.0.19.1 (64bit) on [Wed Mar 24 17:48:21 2021] ***
compiled with version: 6.3.0 20170516 on 24 March 2021 17:43:16
os: Linux-5.4.0-1018-aws #18-Ubuntu SMP Wed Jun 24 01:15:00 UTC 2020
nodename: 56eee3d0efd3
machine: x86_64
clock source: unix
pcre jit disabled
detected number of CPU cores: 4
current working directory: /srv/docker-django
detected binary path: /usr/local/bin/uwsgi
uWSGI running as root, you can use --uid/--gid/--chroot options
*** WARNING: you are running uWSGI as root !!! (use the --uid flag) *** 
chdir() to /srv/backends
chdir(): No such file or directory [core/uwsgi.c line 2625]
chdir(): No such file or directory [core/uwsgi.c line 1649]
*** Starting uWSGI 2.0.19.1 (64bit) on [Wed Mar 24 17:49:21 2021] ***
compiled with version: 6.3.0 20170516 on 24 March 2021 17:43:16
os: Linux-5.4.0-1018-aws #18-Ubuntu SMP Wed Jun 24 01:15:00 UTC 2020
nodename: 56eee3d0efd3
machine: x86_64
clock source: unix
pcre jit disabled
detected number of CPU cores: 4
current working directory: /srv/docker-django
detected binary path: /usr/local/bin/uwsgi
uWSGI running as root, you can use --uid/--gid/--chroot options
*** WARNING: you are running uWSGI as root !!! (use the --uid flag) *** 
chdir() to /srv/backends
chdir(): No such file or directory [core/uwsgi.c line 2625]
chdir(): No such file or directory [core/uwsgi.c line 1649]
*** Starting uWSGI 2.0.19.1 (64bit) on [Wed Mar 24 17:50:22 2021] ***
compiled with version: 6.3.0 20170516 on 24 March 2021 17:43:16
os: Linux-5.4.0-1018-aws #18-Ubuntu SMP Wed Jun 24 01:15:00 UTC 2020
nodename: 56eee3d0efd3
machine: x86_64
clock source: unix
pcre jit disabled
detected number of CPU cores: 4
current working directory: /srv/docker-django
detected binary path: /usr/local/bin/uwsgi
uWSGI running as root, you can use --uid/--gid/--chroot options
*** WARNING: you are running uWSGI as root !!! (use the --uid flag) *** 
chdir() to /srv/backends
chdir(): No such file or directory [core/uwsgi.c line 2625]
chdir(): No such file or directory [core/uwsgi.c line 1649]
*** Starting uWSGI 2.0.19.1 (64bit) on [Wed Mar 24 17:51:22 2021] ***
compiled with version: 6.3.0 20170516 on 24 March 2021 17:43:16
os: Linux-5.4.0-1018-aws #18-Ubuntu SMP Wed Jun 24 01:15:00 UTC 2020
nodename: 56eee3d0efd3
machine: x86_64
clock source: unix
pcre jit disabled
detected number of CPU cores: 4
current working directory: /srv/docker-django
detected binary path: /usr/local/bin/uwsgi
uWSGI running as root, you can use --uid/--gid/--chroot options
*** WARNING: you are running uWSGI as root !!! (use the --uid flag) *** 
chdir() to /srv/backends
chdir(): No such file or directory [core/uwsgi.c line 2625]
chdir(): No such file or directory [core/uwsgi.c line 1649]
*** Starting uWSGI 2.0.19.1 (64bit) on [Wed Mar 24 17:52:23 2021] ***
compiled with version: 6.3.0 20170516 on 24 March 2021 17:43:16
os: Linux-5.4.0-1018-aws #18-Ubuntu SMP Wed Jun 24 01:15:00 UTC 2020
nodename: 56eee3d0efd3
machine: x86_64
clock source: unix
pcre jit disabled
detected number of CPU cores: 4
current working directory: /srv/docker-django
detected binary path: /usr/local/bin/uwsgi
uWSGI running as root, you can use --uid/--gid/--chroot options
*** WARNING: you are running uWSGI as root !!! (use the --uid flag) *** 
chdir() to /srv/backends
chdir(): No such file or directory [core/uwsgi.c line 2625]
chdir(): No such file or directory [core/uwsgi.c line 1649]
*** Starting uWSGI 2.0.19.1 (64bit) on [Wed Mar 24 17:53:23 2021] ***
compiled with version: 6.3.0 20170516 on 24 March 2021 17:43:16
os: Linux-5.4.0-1018-aws #18-Ubuntu SMP Wed Jun 24 01:15:00 UTC 2020
nodename: 56eee3d0efd3
machine: x86_64
clock source: unix
pcre jit disabled
detected number of CPU cores: 4
current working directory: /srv/docker-django
detected binary path: /usr/local/bin/uwsgi
uWSGI running as root, you can use --uid/--gid/--chroot options
*** WARNING: you are running uWSGI as root !!! (use the --uid flag) *** 
chdir() to /srv/backends
chdir(): No such file or directory [core/uwsgi.c line 2625]
chdir(): No such file or directory [core/uwsgi.c line 1649]
*** Starting uWSGI 2.0.19.1 (64bit) on [Wed Mar 24 17:54:24 2021] ***
compiled with version: 6.3.0 20170516 on 24 March 2021 17:43:16
os: Linux-5.4.0-1018-aws #18-Ubuntu SMP Wed Jun 24 01:15:00 UTC 2020
nodename: 56eee3d0efd3
machine: x86_64
clock source: unix
pcre jit disabled
detected number of CPU cores: 4
current working directory: /srv/docker-django
detected binary path: /usr/local/bin/uwsgi
uWSGI running as root, you can use --uid/--gid/--chroot options
*** WARNING: you are running uWSGI as root !!! (use the --uid flag) *** 
chdir() to /srv/backends
chdir(): No such file or directory [core/uwsgi.c line 2625]
chdir(): No such file or directory [core/uwsgi.c line 1649]
*** Starting uWSGI 2.0.19.1 (64bit) on [Wed Mar 24 17:55:24 2021] ***
compiled with version: 6.3.0 20170516 on 24 March 2021 17:43:16
os: Linux-5.4.0-1018-aws #18-Ubuntu SMP Wed Jun 24 01:15:00 UTC 2020
nodename: 56eee3d0efd3
machine: x86_64
clock source: unix
pcre jit disabled
detected number of CPU cores: 4
current working directory: /srv/docker-django
detected binary path: /usr/local/bin/uwsgi
uWSGI running as root, you can use --uid/--gid/--chroot options
*** WARNING: you are running uWSGI as root !!! (use the --uid flag) *** 
chdir() to /srv/backends
chdir(): No such file or directory [core/uwsgi.c line 2625]
chdir(): No such file or directory [core/uwsgi.c line 1649]
*** Starting uWSGI 2.0.19.1 (64bit) on [Wed Mar 24 17:56:25 2021] ***
compiled with version: 6.3.0 20170516 on 24 March 2021 17:43:16
os: Linux-5.4.0-1018-aws #18-Ubuntu SMP Wed Jun 24 01:15:00 UTC 2020
nodename: 56eee3d0efd3
machine: x86_64
clock source: unix
pcre jit disabled
detected number of CPU cores: 4
current working directory: /srv/docker-django
detected binary path: /usr/local/bin/uwsgi
uWSGI running as root, you can use --uid/--gid/--chroot options
*** WARNING: you are running uWSGI as root !!! (use the --uid flag) *** 
chdir() to /srv/backends
chdir(): No such file or directory [core/uwsgi.c line 2625]
chdir(): No such file or directory [core/uwsgi.c line 1649]
*** Starting uWSGI 2.0.19.1 (64bit) on [Wed Mar 24 17:57:25 2021] ***
compiled with version: 6.3.0 20170516 on 24 March 2021 17:43:16
os: Linux-5.4.0-1018-aws #18-Ubuntu SMP Wed Jun 24 01:15:00 UTC 2020
nodename: 56eee3d0efd3
machine: x86_64
clock source: unix
pcre jit disabled
detected number of CPU cores: 4
current working directory: /srv/docker-django
detected binary path: /usr/local/bin/uwsgi
uWSGI running as root, you can use --uid/--gid/--chroot options
*** WARNING: you are running uWSGI as root !!! (use the --uid flag) *** 
chdir() to /srv/backends
chdir(): No such file or directory [core/uwsgi.c line 2625]
chdir(): No such file or directory [core/uwsgi.c line 1649]
*** Starting uWSGI 2.0.19.1 (64bit) on [Wed Mar 24 17:58:25 2021] ***
compiled with version: 6.3.0 20170516 on 24 March 2021 17:43:16
os: Linux-5.4.0-1018-aws #18-Ubuntu SMP Wed Jun 24 01:15:00 UTC 2020
nodename: 56eee3d0efd3
machine: x86_64
clock source: unix
pcre jit disabled
detected number of CPU cores: 4
current working directory: /srv/docker-django
detected binary path: /usr/local/bin/uwsgi
uWSGI running as root, you can use --uid/--gid/--chroot options
*** WARNING: you are running uWSGI as root !!! (use the --uid flag) *** 
chdir() to /srv/backends
chdir(): No such file or directory [core/uwsgi.c line 2625]
chdir(): No such file or directory [core/uwsgi.c line 1649]
*** Starting uWSGI 2.0.19.1 (64bit) on [Wed Mar 24 17:59:26 2021] ***
compiled with version: 6.3.0 20170516 on 24 March 2021 17:43:16
os: Linux-5.4.0-1018-aws #18-Ubuntu SMP Wed Jun 24 01:15:00 UTC 2020
nodename: 56eee3d0efd3
machine: x86_64
clock source: unix
pcre jit disabled
detected number of CPU cores: 4
current working directory: /srv/docker-django
detected binary path: /usr/local/bin/uwsgi
uWSGI running as root, you can use --uid/--gid/--chroot options
*** WARNING: you are running uWSGI as root !!! (use the --uid flag) *** 
chdir() to /srv/backends
chdir(): No such file or directory [core/uwsgi.c line 2625]
chdir(): No such file or directory [core/uwsgi.c line 1649]
*** Starting uWSGI 2.0.19.1 (64bit) on [Wed Mar 24 18:00:26 2021] ***
compiled with version: 6.3.0 20170516 on 24 March 2021 17:43:16
os: Linux-5.4.0-1018-aws #18-Ubuntu SMP Wed Jun 24 01:15:00 UTC 2020
nodename: 56eee3d0efd3
machine: x86_64
clock source: unix
pcre jit disabled
detected number of CPU cores: 4
current working directory: /srv/docker-django
detected binary path: /usr/local/bin/uwsgi
uWSGI running as root, you can use --uid/--gid/--chroot options
*** WARNING: you are running uWSGI as root !!! (use the --uid flag) *** 
chdir() to /srv/backends
chdir(): No such file or directory [core/uwsgi.c line 2625]
chdir(): No such file or directory [core/uwsgi.c line 1649]
*** Starting uWSGI 2.0.19.1 (64bit) on [Wed Mar 24 18:01:27 2021] ***
compiled with version: 6.3.0 20170516 on 24 March 2021 17:43:16
os: Linux-5.4.0-1018-aws #18-Ubuntu SMP Wed Jun 24 01:15:00 UTC 2020
nodename: 56eee3d0efd3
machine: x86_64
clock source: unix
pcre jit disabled
detected number of CPU cores: 4
current working directory: /srv/docker-django
detected binary path: /usr/local/bin/uwsgi
uWSGI running as root, you can use --uid/--gid/--chroot options
*** WARNING: you are running uWSGI as root !!! (use the --uid flag) *** 
chdir() to /srv/backends
chdir(): No such file or directory [core/uwsgi.c line 2625]
chdir(): No such file or directory [core/uwsgi.c line 1649]
*** Starting uWSGI 2.0.19.1 (64bit) on [Wed Mar 24 18:02:27 2021] ***
compiled with version: 6.3.0 20170516 on 24 March 2021 17:43:16
os: Linux-5.4.0-1018-aws #18-Ubuntu SMP Wed Jun 24 01:15:00 UTC 2020
nodename: 56eee3d0efd3
machine: x86_64
clock source: unix
pcre jit disabled
detected number of CPU cores: 4
current working directory: /srv/docker-django
detected binary path: /usr/local/bin/uwsgi
uWSGI running as root, you can use --uid/--gid/--chroot options
*** WARNING: you are running uWSGI as root !!! (use the --uid flag) *** 
chdir() to /srv/backends
chdir(): No such file or directory [core/uwsgi.c line 2625]
chdir(): No such file or directory [core/uwsgi.c line 1649]
*** Starting uWSGI 2.0.19.1 (64bit) on [Wed Mar 24 18:03:28 2021] ***
compiled with version: 6.3.0 20170516 on 24 March 2021 17:43:16
os: Linux-5.4.0-1018-aws #18-Ubuntu SMP Wed Jun 24 01:15:00 UTC 2020
nodename: 56eee3d0efd3
machine: x86_64
clock source: unix
pcre jit disabled
detected number of CPU cores: 4
current working directory: /srv/docker-django
detected binary path: /usr/local/bin/uwsgi
uWSGI running as root, you can use --uid/--gid/--chroot options
*** WARNING: you are running uWSGI as root !!! (use the --uid flag) *** 
chdir() to /srv/backends
chdir(): No such file or directory [core/uwsgi.c line 2625]
chdir(): No such file or directory [core/uwsgi.c line 1649]
*** Starting uWSGI 2.0.19.1 (64bit) on [Wed Mar 24 18:04:28 2021] ***
compiled with version: 6.3.0 20170516 on 24 March 2021 17:43:16
os: Linux-5.4.0-1018-aws #18-Ubuntu SMP Wed Jun 24 01:15:00 UTC 2020
nodename: 56eee3d0efd3
machine: x86_64
clock source: unix
pcre jit disabled
detected number of CPU cores: 4
current working directory: /srv/docker-django
detected binary path: /usr/local/bin/uwsgi
uWSGI running as root, you can use --uid/--gid/--chroot options
*** WARNING: you are running uWSGI as root !!! (use the --uid flag) *** 
chdir() to /srv/backends
chdir(): No such file or directory [core/uwsgi.c line 2625]
chdir(): No such file or directory [core/uwsgi.c line 1649]
*** Starting uWSGI 2.0.19.1 (64bit) on [Wed Mar 24 18:05:28 2021] ***
compiled with version: 6.3.0 20170516 on 24 March 2021 17:43:16
os: Linux-5.4.0-1018-aws #18-Ubuntu SMP Wed Jun 24 01:15:00 UTC 2020
nodename: 56eee3d0efd3
machine: x86_64
clock source: unix
pcre jit disabled
detected number of CPU cores: 4
current working directory: /srv/docker-django
detected binary path: /usr/local/bin/uwsgi
uWSGI running as root, you can use --uid/--gid/--chroot options
*** WARNING: you are running uWSGI as root !!! (use the --uid flag) *** 
chdir() to /srv/backends
chdir(): No such file or directory [core/uwsgi.c line 2625]
chdir(): No such file or directory [core/uwsgi.c line 1649]
*** Starting uWSGI 2.0.19.1 (64bit) on [Wed Mar 24 18:06:29 2021] ***
compiled with version: 6.3.0 20170516 on 24 March 2021 17:43:16
os: Linux-5.4.0-1018-aws #18-Ubuntu SMP Wed Jun 24 01:15:00 UTC 2020
nodename: 56eee3d0efd3
machine: x86_64
clock source: unix
pcre jit disabled
detected number of CPU cores: 4
current working directory: /srv/docker-django
detected binary path: /usr/local/bin/uwsgi
uWSGI running as root, you can use --uid/--gid/--chroot options
*** WARNING: you are running uWSGI as root !!! (use the --uid flag) *** 
chdir() to /srv/docker-django
your memory page size is 4096 bytes
detected max file descriptor number: 1048576
lock engine: pthread robust mutexes
thunder lock: disabled (you can enable it with --thunder-lock)
bind(): No such file or directory [core/socket.c line 230]
*** Starting uWSGI 2.0.19.1 (64bit) on [Wed Mar 24 18:06:50 2021] ***
compiled with version: 6.3.0 20170516 on 24 March 2021 18:06:33
os: Linux-5.4.0-1018-aws #18-Ubuntu SMP Wed Jun 24 01:15:00 UTC 2020
nodename: 6b45e5aabf2a
machine: x86_64
clock source: unix
pcre jit disabled
detected number of CPU cores: 4
current working directory: /srv/docker-django
detected binary path: /usr/local/bin/uwsgi
uWSGI running as root, you can use --uid/--gid/--chroot options
*** WARNING: you are running uWSGI as root !!! (use the --uid flag) *** 
chdir() to /srv/docker-django
your memory page size is 4096 bytes
detected max file descriptor number: 1048576
lock engine: pthread robust mutexes
thunder lock: disabled (you can enable it with --thunder-lock)
bind(): No such file or directory [core/socket.c line 230]
*** Starting uWSGI 2.0.19.1 (64bit) on [Wed Mar 24 18:06:50 2021] ***
compiled with version: 6.3.0 20170516 on 24 March 2021 18:06:33
os: Linux-5.4.0-1018-aws #18-Ubuntu SMP Wed Jun 24 01:15:00 UTC 2020
nodename: 6b45e5aabf2a
machine: x86_64
clock source: unix
pcre jit disabled
detected number of CPU cores: 4
current working directory: /srv/docker-django
detected binary path: /usr/local/bin/uwsgi
uWSGI running as root, you can use --uid/--gid/--chroot options
*** WARNING: you are running uWSGI as root !!! (use the --uid flag) *** 
chdir() to /srv/docker-django
your memory page size is 4096 bytes
detected max file descriptor number: 1048576
lock engine: pthread robust mutexes
thunder lock: disabled (you can enable it with --thunder-lock)
bind(): No such file or directory [core/socket.c line 230]
*** Starting uWSGI 2.0.19.1 (64bit) on [Wed Mar 24 18:06:51 2021] ***
compiled with version: 6.3.0 20170516 on 24 March 2021 18:06:33
os: Linux-5.4.0-1018-aws #18-Ubuntu SMP Wed Jun 24 01:15:00 UTC 2020
nodename: 6b45e5aabf2a
machine: x86_64
clock source: unix
pcre jit disabled
detected number of CPU cores: 4
current working directory: /srv/docker-django
detected binary path: /usr/local/bin/uwsgi
uWSGI running as root, you can use --uid/--gid/--chroot options
*** WARNING: you are running uWSGI as root !!! (use the --uid flag) *** 
chdir() to /srv/docker-django
your memory page size is 4096 bytes
detected max file descriptor number: 1048576
lock engine: pthread robust mutexes
thunder lock: disabled (you can enable it with --thunder-lock)
bind(): No such file or directory [core/socket.c line 230]
*** Starting uWSGI 2.0.19.1 (64bit) on [Wed Mar 24 18:06:52 2021] ***
compiled with version: 6.3.0 20170516 on 24 March 2021 18:06:33
os: Linux-5.4.0-1018-aws #18-Ubuntu SMP Wed Jun 24 01:15:00 UTC 2020
nodename: 6b45e5aabf2a
machine: x86_64
clock source: unix
pcre jit disabled
detected number of CPU cores: 4
current working directory: /srv/docker-django
detected binary path: /usr/local/bin/uwsgi
uWSGI running as root, you can use --uid/--gid/--chroot options
*** WARNING: you are running uWSGI as root !!! (use the --uid flag) *** 
chdir() to /srv/docker-django
your memory page size is 4096 bytes
detected max file descriptor number: 1048576
lock engine: pthread robust mutexes
thunder lock: disabled (you can enable it with --thunder-lock)
bind(): No such file or directory [core/socket.c line 230]
*** Starting uWSGI 2.0.19.1 (64bit) on [Wed Mar 24 18:06:53 2021] ***
compiled with version: 6.3.0 20170516 on 24 March 2021 18:06:33
os: Linux-5.4.0-1018-aws #18-Ubuntu SMP Wed Jun 24 01:15:00 UTC 2020
nodename: 6b45e5aabf2a
machine: x86_64
clock source: unix
pcre jit disabled
detected number of CPU cores: 4
current working directory: /srv/docker-django
detected binary path: /usr/local/bin/uwsgi
uWSGI running as root, you can use --uid/--gid/--chroot options
*** WARNING: you are running uWSGI as root !!! (use the --uid flag) *** 
chdir() to /srv/docker-django
your memory page size is 4096 bytes
detected max file descriptor number: 1048576
lock engine: pthread robust mutexes
thunder lock: disabled (you can enable it with --thunder-lock)
bind(): No such file or directory [core/socket.c line 230]
*** Starting uWSGI 2.0.19.1 (64bit) on [Wed Mar 24 18:06:55 2021] ***
compiled with version: 6.3.0 20170516 on 24 March 2021 18:06:33
os: Linux-5.4.0-1018-aws #18-Ubuntu SMP Wed Jun 24 01:15:00 UTC 2020
nodename: 6b45e5aabf2a
machine: x86_64
clock source: unix
pcre jit disabled
detected number of CPU cores: 4
current working directory: /srv/docker-django
detected binary path: /usr/local/bin/uwsgi
uWSGI running as root, you can use --uid/--gid/--chroot options
*** WARNING: you are running uWSGI as root !!! (use the --uid flag) *** 
chdir() to /srv/docker-django
your memory page size is 4096 bytes
detected max file descriptor number: 1048576
lock engine: pthread robust mutexes
thunder lock: disabled (you can enable it with --thunder-lock)
bind(): No such file or directory [core/socket.c line 230]
*** Starting uWSGI 2.0.19.1 (64bit) on [Wed Mar 24 18:06:59 2021] ***
compiled with version: 6.3.0 20170516 on 24 March 2021 18:06:33
os: Linux-5.4.0-1018-aws #18-Ubuntu SMP Wed Jun 24 01:15:00 UTC 2020
nodename: 6b45e5aabf2a
machine: x86_64
clock source: unix
pcre jit disabled
detected number of CPU cores: 4
current working directory: /srv/docker-django
detected binary path: /usr/local/bin/uwsgi
uWSGI running as root, you can use --uid/--gid/--chroot options
*** WARNING: you are running uWSGI as root !!! (use the --uid flag) *** 
chdir() to /srv/docker-django
your memory page size is 4096 bytes
detected max file descriptor number: 1048576
lock engine: pthread robust mutexes
thunder lock: disabled (you can enable it with --thunder-lock)
bind(): No such file or directory [core/socket.c line 230]
*** Starting uWSGI 2.0.19.1 (64bit) on [Wed Mar 24 18:07:06 2021] ***
compiled with version: 6.3.0 20170516 on 24 March 2021 18:06:33
os: Linux-5.4.0-1018-aws #18-Ubuntu SMP Wed Jun 24 01:15:00 UTC 2020
nodename: 6b45e5aabf2a
machine: x86_64
clock source: unix
pcre jit disabled
detected number of CPU cores: 4
current working directory: /srv/docker-django
detected binary path: /usr/local/bin/uwsgi
uWSGI running as root, you can use --uid/--gid/--chroot options
*** WARNING: you are running uWSGI as root !!! (use the --uid flag) *** 
chdir() to /srv/docker-django
your memory page size is 4096 bytes
detected max file descriptor number: 1048576
lock engine: pthread robust mutexes
thunder lock: disabled (you can enable it with --thunder-lock)
bind(): No such file or directory [core/socket.c line 230]
*** Starting uWSGI 2.0.19.1 (64bit) on [Wed Mar 24 18:07:19 2021] ***
compiled with version: 6.3.0 20170516 on 24 March 2021 18:06:33
os: Linux-5.4.0-1018-aws #18-Ubuntu SMP Wed Jun 24 01:15:00 UTC 2020
nodename: 6b45e5aabf2a
machine: x86_64
clock source: unix
pcre jit disabled
detected number of CPU cores: 4
current working directory: /srv/docker-django
detected binary path: /usr/local/bin/uwsgi
uWSGI running as root, you can use --uid/--gid/--chroot options
*** WARNING: you are running uWSGI as root !!! (use the --uid flag) *** 
chdir() to /srv/docker-django
your memory page size is 4096 bytes
detected max file descriptor number: 1048576
lock engine: pthread robust mutexes
thunder lock: disabled (you can enable it with --thunder-lock)
bind(): No such file or directory [core/socket.c line 230]
*** Starting uWSGI 2.0.19.1 (64bit) on [Wed Mar 24 18:07:45 2021] ***
compiled with version: 6.3.0 20170516 on 24 March 2021 18:06:33
os: Linux-5.4.0-1018-aws #18-Ubuntu SMP Wed Jun 24 01:15:00 UTC 2020
nodename: 6b45e5aabf2a
machine: x86_64
clock source: unix
pcre jit disabled
detected number of CPU cores: 4
current working directory: /srv/docker-django
detected binary path: /usr/local/bin/uwsgi
uWSGI running as root, you can use --uid/--gid/--chroot options
*** WARNING: you are running uWSGI as root !!! (use the --uid flag) *** 
chdir() to /srv/docker-django
your memory page size is 4096 bytes
detected max file descriptor number: 1048576
lock engine: pthread robust mutexes
thunder lock: disabled (you can enable it with --thunder-lock)
bind(): No such file or directory [core/socket.c line 230]
*** Starting uWSGI 2.0.19.1 (64bit) on [Wed Mar 24 18:08:36 2021] ***
compiled with version: 6.3.0 20170516 on 24 March 2021 18:06:33
os: Linux-5.4.0-1018-aws #18-Ubuntu SMP Wed Jun 24 01:15:00 UTC 2020
nodename: 6b45e5aabf2a
machine: x86_64
clock source: unix
pcre jit disabled
detected number of CPU cores: 4
current working directory: /srv/docker-django
detected binary path: /usr/local/bin/uwsgi
uWSGI running as root, you can use --uid/--gid/--chroot options
*** WARNING: you are running uWSGI as root !!! (use the --uid flag) *** 
chdir() to /srv/docker-django
your memory page size is 4096 bytes
detected max file descriptor number: 1048576
lock engine: pthread robust mutexes
thunder lock: disabled (you can enable it with --thunder-lock)
uwsgi socket 0 bound to UNIX address /srv/docker-django/backends.sock fd 3
uWSGI running as root, you can use --uid/--gid/--chroot options
*** WARNING: you are running uWSGI as root !!! (use the --uid flag) *** 
Python version: 3.6.7 (default, Nov 16 2018, 22:33:19)  [GCC 6.3.0 20170516]
Python main interpreter initialized at 0x5557e6c5a3e0
uWSGI running as root, you can use --uid/--gid/--chroot options
*** WARNING: you are running uWSGI as root !!! (use the --uid flag) *** 
python threads support enabled
your server socket listen backlog is limited to 100 connections
your mercy for graceful operations on workers is 60 seconds
mapped 166752 bytes (162 KB) for 2 cores
*** Operational MODE: threaded ***
WSGI app 0 (mountpoint='') ready in 1 seconds on interpreter 0x5557e6c5a3e0 pid: 1 (default app)
uWSGI running as root, you can use --uid/--gid/--chroot options
*** WARNING: you are running uWSGI as root !!! (use the --uid flag) *** 
*** uWSGI is running in multiple interpreter mode ***
spawned uWSGI master process (pid: 1)
spawned uWSGI worker 1 (pid: 7, cores: 2)
...brutally killing workers...
worker 1 buried after 1 seconds
binary reloading uWSGI...
chdir() to /srv/docker-django
closing all non-uwsgi socket fds > 2 (max_fd = 1048576)...
found fd 3 mapped to socket 0 (/srv/docker-django/backends.sock)
running /usr/local/bin/uwsgi
[uWSGI] getting INI configuration from uwsgi.ini
*** Starting uWSGI 2.0.19.1 (64bit) on [Thu Mar 25 03:09:01 2021] ***
compiled with version: 6.3.0 20170516 on 24 March 2021 18:06:33
os: Linux-5.4.0-1018-aws #18-Ubuntu SMP Wed Jun 24 01:15:00 UTC 2020
nodename: 6b45e5aabf2a
machine: x86_64
clock source: unix
pcre jit disabled
detected number of CPU cores: 4
current working directory: /srv/docker-django
detected binary path: /usr/local/bin/uwsgi
uWSGI running as root, you can use --uid/--gid/--chroot options
*** WARNING: you are running uWSGI as root !!! (use the --uid flag) *** 
chdir() to /srv/docker-django
your memory page size is 4096 bytes
detected max file descriptor number: 1048576
lock engine: pthread robust mutexes
thunder lock: disabled (you can enable it with --thunder-lock)
uwsgi socket 0 inherited UNIX address /srv/docker-django/backends.sock fd 3
uWSGI running as root, you can use --uid/--gid/--chroot options
*** WARNING: you are running uWSGI as root !!! (use the --uid flag) *** 
Python version: 3.6.7 (default, Nov 16 2018, 22:33:19)  [GCC 6.3.0 20170516]
Python main interpreter initialized at 0x561a5cf4b3c0
uWSGI running as root, you can use --uid/--gid/--chroot options
*** WARNING: you are running uWSGI as root !!! (use the --uid flag) *** 
python threads support enabled
your server socket listen backlog is limited to 100 connections
your mercy for graceful operations on workers is 60 seconds
mapped 166752 bytes (162 KB) for 2 cores
*** Operational MODE: threaded ***
WSGI app 0 (mountpoint='') ready in 1 seconds on interpreter 0x561a5cf4b3c0 pid: 1 (default app)
uWSGI running as root, you can use --uid/--gid/--chroot options
*** WARNING: you are running uWSGI as root !!! (use the --uid flag) *** 
*** uWSGI is running in multiple interpreter mode ***
gracefully (RE)spawned uWSGI master process (pid: 1)
spawned uWSGI worker 1 (pid: 10, cores: 2)
*** Starting uWSGI 2.0.19.1 (64bit) on [Wed Mar 24 18:09:10 2021] ***
compiled with version: 6.3.0 20170516 on 24 March 2021 18:08:43
os: Linux-5.4.0-1018-aws #18-Ubuntu SMP Wed Jun 24 01:15:00 UTC 2020
nodename: cb6917f40eb5
machine: x86_64
clock source: unix
pcre jit disabled
detected number of CPU cores: 4
current working directory: /srv/docker-django
detected binary path: /usr/local/bin/uwsgi
uWSGI running as root, you can use --uid/--gid/--chroot options
*** WARNING: you are running uWSGI as root !!! (use the --uid flag) *** 
chdir() to /srv/docker-django
your memory page size is 4096 bytes
detected max file descriptor number: 1048576
lock engine: pthread robust mutexes
thunder lock: disabled (you can enable it with --thunder-lock)
uwsgi socket 0 bound to UNIX address /srv/docker-django/backends.sock fd 3
uWSGI running as root, you can use --uid/--gid/--chroot options
*** WARNING: you are running uWSGI as root !!! (use the --uid flag) *** 
Python version: 3.6.7 (default, Nov 16 2018, 22:33:19)  [GCC 6.3.0 20170516]
Python main interpreter initialized at 0x563d734343e0
uWSGI running as root, you can use --uid/--gid/--chroot options
*** WARNING: you are running uWSGI as root !!! (use the --uid flag) *** 
python threads support enabled
your server socket listen backlog is limited to 100 connections
your mercy for graceful operations on workers is 60 seconds
mapped 166752 bytes (162 KB) for 2 cores
*** Operational MODE: threaded ***
WSGI app 0 (mountpoint='') ready in 1 seconds on interpreter 0x563d734343e0 pid: 1 (default app)
uWSGI running as root, you can use --uid/--gid/--chroot options
*** WARNING: you are running uWSGI as root !!! (use the --uid flag) *** 
*** uWSGI is running in multiple interpreter mode ***
spawned uWSGI master process (pid: 1)
spawned uWSGI worker 1 (pid: 8, cores: 2)
...brutally killing workers...
worker 1 buried after 1 seconds
binary reloading uWSGI...
chdir() to /srv/docker-django
closing all non-uwsgi socket fds > 2 (max_fd = 1048576)...
found fd 3 mapped to socket 0 (/srv/docker-django/backends.sock)
running /usr/local/bin/uwsgi
[uWSGI] getting INI configuration from uwsgi.ini
*** Starting uWSGI 2.0.19.1 (64bit) on [Thu Mar 25 03:46:40 2021] ***
compiled with version: 6.3.0 20170516 on 24 March 2021 18:08:43
os: Linux-5.4.0-1018-aws #18-Ubuntu SMP Wed Jun 24 01:15:00 UTC 2020
nodename: cb6917f40eb5
machine: x86_64
clock source: unix
pcre jit disabled
detected number of CPU cores: 4
current working directory: /srv/docker-django
detected binary path: /usr/local/bin/uwsgi
uWSGI running as root, you can use --uid/--gid/--chroot options
*** WARNING: you are running uWSGI as root !!! (use the --uid flag) *** 
chdir() to /srv/docker-django
your memory page size is 4096 bytes
detected max file descriptor number: 1048576
lock engine: pthread robust mutexes
thunder lock: disabled (you can enable it with --thunder-lock)
uwsgi socket 0 inherited UNIX address /srv/docker-django/backends.sock fd 3
uWSGI running as root, you can use --uid/--gid/--chroot options
*** WARNING: you are running uWSGI as root !!! (use the --uid flag) *** 
Python version: 3.6.7 (default, Nov 16 2018, 22:33:19)  [GCC 6.3.0 20170516]
Python main interpreter initialized at 0x5622f2d353c0
uWSGI running as root, you can use --uid/--gid/--chroot options
*** WARNING: you are running uWSGI as root !!! (use the --uid flag) *** 
python threads support enabled
your server socket listen backlog is limited to 100 connections
your mercy for graceful operations on workers is 60 seconds
mapped 166752 bytes (162 KB) for 2 cores
*** Operational MODE: threaded ***
WSGI app 0 (mountpoint='') ready in 0 seconds on interpreter 0x5622f2d353c0 pid: 1 (default app)
uWSGI running as root, you can use --uid/--gid/--chroot options
*** WARNING: you are running uWSGI as root !!! (use the --uid flag) *** 
*** uWSGI is running in multiple interpreter mode ***
gracefully (RE)spawned uWSGI master process (pid: 1)
spawned uWSGI worker 1 (pid: 11, cores: 2)
*** Starting uWSGI 2.0.19.1 (64bit) on [Wed Mar 24 18:46:49 2021] ***
compiled with version: 6.3.0 20170516 on 24 March 2021 18:46:21
os: Linux-5.4.0-1018-aws #18-Ubuntu SMP Wed Jun 24 01:15:00 UTC 2020
nodename: 745c717d3d86
machine: x86_64
clock source: unix
pcre jit disabled
detected number of CPU cores: 4
current working directory: /srv/docker-django
detected binary path: /usr/local/bin/uwsgi
uWSGI running as root, you can use --uid/--gid/--chroot options
*** WARNING: you are running uWSGI as root !!! (use the --uid flag) *** 
chdir() to /srv/docker-django
your memory page size is 4096 bytes
detected max file descriptor number: 1048576
lock engine: pthread robust mutexes
thunder lock: disabled (you can enable it with --thunder-lock)
uwsgi socket 0 bound to UNIX address /srv/docker-django/backends.sock fd 3
uWSGI running as root, you can use --uid/--gid/--chroot options
*** WARNING: you are running uWSGI as root !!! (use the --uid flag) *** 
Python version: 3.6.7 (default, Nov 16 2018, 22:33:19)  [GCC 6.3.0 20170516]
Python main interpreter initialized at 0x559822cb73e0
uWSGI running as root, you can use --uid/--gid/--chroot options
*** WARNING: you are running uWSGI as root !!! (use the --uid flag) *** 
python threads support enabled
your server socket listen backlog is limited to 100 connections
your mercy for graceful operations on workers is 60 seconds
mapped 166752 bytes (162 KB) for 2 cores
*** Operational MODE: threaded ***
WSGI app 0 (mountpoint='') ready in 0 seconds on interpreter 0x559822cb73e0 pid: 1 (default app)
uWSGI running as root, you can use --uid/--gid/--chroot options
*** WARNING: you are running uWSGI as root !!! (use the --uid flag) *** 
*** uWSGI is running in multiple interpreter mode ***
spawned uWSGI master process (pid: 1)
spawned uWSGI worker 1 (pid: 8, cores: 2)
Not Found: /
[pid: 8|app: 0|req: 1/1] 59.151.197.26 () {42 vars in 775 bytes} [Thu Mar 25 03:47:00 2021] GET / => generated 2383 bytes in 334 msecs (HTTP/1.1 404) 6 headers in 173 bytes (1 switches on core 0)
Not Found: /favicon.ico
[pid: 8|app: 0|req: 2/2] 59.151.197.26 () {44 vars in 754 bytes} [Thu Mar 25 03:47:00 2021] GET /favicon.ico => generated 2434 bytes in 5 msecs (HTTP/1.1 404) 6 headers in 173 bytes (1 switches on core 1)
Not Found: /
[pid: 8|app: 0|req: 3/3] 59.151.197.26 () {42 vars in 775 bytes} [Thu Mar 25 03:47:00 2021] GET / => generated 2383 bytes in 5 msecs (HTTP/1.1 404) 6 headers in 173 bytes (1 switches on core 0)
[pid: 8|app: 0|req: 4/4] 59.151.197.26 () {40 vars in 754 bytes} [Thu Mar 25 03:47:11 2021] GET /admin => generated 0 bytes in 1 msecs (HTTP/1.1 301) 6 headers in 189 bytes (1 switches on core 1)
[pid: 8|app: 0|req: 5/5] 59.151.197.26 () {40 vars in 756 bytes} [Thu Mar 25 03:47:11 2021] GET /admin/ => generated 0 bytes in 15 msecs (HTTP/1.1 302) 9 headers in 339 bytes (1 switches on core 0)
[pid: 8|app: 0|req: 6/6] 59.151.197.26 () {40 vars in 793 bytes} [Thu Mar 25 03:47:12 2021] GET /admin/login/?next=/admin/ => generated 2214 bytes in 68 msecs (HTTP/1.1 200) 9 headers in 469 bytes (1 switches on core 1)
